Watching for file changes with StatReloader
"GET /hostel/permission/ HTTP/1.1" 200 12030
Not Found: /favicon.ico
"GET /favicon.ico HTTP/1.1" 404 8067
"GET /hostel/area/ HTTP/1.1" 200 16574
"GET /hostel/delete_area/9/ HTTP/1.1" 200 12
D:\master\management\hostel\views.py changed, reloading.
Watching for file changes with StatReloader
"GET /hostel/area/ HTTP/1.1" 200 16574
"GET /hostel/delete_area/2/ HTTP/1.1" 302 0
"GET /hostel/area/ HTTP/1.1" 200 16026
D:\master\management\hostel\views.py changed, reloading.
Watching for file changes with StatReloader
"GET /hostel/delete_area/8/ HTTP/1.1" 302 0
"GET /hostel/area/ HTTP/1.1" 200 15478
D:\master\management\management\settings.py changed, reloading.
删除了区域
陈晓伟添加了None的住宿记录
陈晓伟了楼栋数更新了刘晓梅的住宿记录
陈晓伟添加了None的住宿记录
陈晓伟更新了房间D5-322的记录
陈晓伟更新了房间322的记录
陈晓伟添加了区域合景花园
陈晓伟批量添加了区域数据
陈晓伟批量添加了区域数据
{'陈晓伟'}退出登录
陈晓伟删除了区域一条记录
陈晓伟删除了区域一条记录
陈晓伟删除了区域一条记录
陈晓伟删除了区域一条记录
陈晓伟删除了区域一条记录
陈晓伟删除了区域一条记录
陈晓伟删除了区域一条记录
陈晓伟删除了区域一条记录
陈晓伟删除了区域一条记录
陈晓伟添加了区域工地
陈晓伟删除了区域一条记录
陈晓伟添加了区域工地
陈晓伟删除了区域一条记录
陈晓伟删除了区域一条记录
陈晓伟添加了区域工地
陈晓伟添加了区域牛马
陈晓伟删除了区域一条记录
陈晓伟添加了区域工地
陈晓伟删除了区域一条记录
陈晓伟添加了区域工地
陈晓伟删除了区域一条记录
陈晓伟添加了区域工地
陈晓伟删除了区域一条记录
陈晓伟添加了区域工地
陈晓伟删除了区域一条记录
陈晓伟重置了密码
{'陈晓伟'}退出登录
{'陈晓伟'}退出登录
{'陈晓伟'}退出登录
{'陈晓伟'}退出登录
{'陈晓伟'}退出登录
{'陈晓伟'}退出登录
超级管理员陈晓伟添加了李晓为管理员
陈晓伟删除了管理员翠亨新区记录
陈晓伟删除了管理员陈晓伟记录
超级管理员陈晓伟添加了eric为管理员
超级管理员陈晓伟添加了Bob为管理员
{'陈晓伟'}退出登录
{'Bob'}退出登录
管理员李晓登录系统
超级管理员李晓添加了张晓为管理员
管理员陈晓伟登录系统
陈晓伟删除了一条权限列表信息
None批量添加人员
管理员陈晓伟登录系统
陈晓伟批量删除了人员数据
陈晓伟批量添加人员
陈晓伟批量添加人员
陈晓伟批量添加人员
陈晓伟批量添加人员
陈晓伟更新了房间203的记录
陈晓伟更新了房间201的记录
陈晓伟更新了房间521的记录
陈晓伟更新了房间201的记录
陈晓伟更新了房间203的记录
陈晓伟更新了房间520的记录
管理员陈晓伟登录系统
陈晓伟添加了区域1111
陈晓伟添加了区域1111
陈晓伟删除了区域一条记录
陈晓伟删除了区域一条记录
陈晓伟退出登录
陈晓伟批量添加人员
None批量添加入住记录
管理员陈晓伟登录系统
管理员陈晓伟登录系统
陈晓伟批量添加资源使用记录
陈晓伟批量添加资源使用记录
陈晓伟批量添加资源使用记录
管理员陈晓伟登录系统
陈晓伟添加了区域11
陈晓伟添加了区域12
None批量添加人员
管理员陈晓伟登录系统
管理员陈晓伟删除了2条记录
管理员陈晓伟删除了1条资源用量记录
陈晓伟添加了None的住宿记录
陈晓伟批量添加人员
陈晓伟批量添加入住记录
管理员陈晓伟登录系统
陈晓伟添加了区域2
陈晓伟添加了区域1
陈晓伟添加了区域2
陈晓伟删除了区域一条记录
陈晓伟添加了区域2
陈晓伟删除了区域一条记录
陈晓伟添加了区域1
陈晓伟删除了区域一条记录
陈晓伟添加了楼栋1
陈晓伟添加了楼栋陈晓伟
陈晓伟删除了一条楼栋表记录
陈晓伟添加了楼栋11
陈晓伟删除了一条楼栋表记录
陈晓伟添加了楼栋陈晓伟
陈晓伟删除了一条楼栋表记录
陈晓伟删除了一条楼栋表记录
陈晓伟添加了楼栋2
陈晓伟添加了楼栋陈晓伟
陈晓伟删除了一条权限列表信息
陈晓伟删除了一条权限列表信息
管理员李晓登录系统
管理员陈晓伟登录系统
陈晓伟退出登录
管理员陈晓伟登录系统
陈晓伟更新了人员表102的信息
陈晓伟更新了人员表Eric的信息
陈晓伟更新了人员表alice的信息
陈晓伟删除了人员2的信息
陈晓伟添加了人员欢
陈晓伟添加了人员易
陈晓伟添加了人员陈晓伟
用户Eric登录系统
管理员陈晓伟登录系统
陈晓伟添加了部门
陈晓伟添加了部门
陈晓伟添加了部门
陈晓伟添加了部门
陈晓伟了楼栋数更新了Eric的住宿记录
用户陈晓伟退出登录
用户Eric登录系统
用户Eric登录系统
管理员陈晓伟登录用户系统
陈晓伟添加了区域22
陈晓伟退出登录
管理员陈晓伟登录用户系统
用户Eric登录系统
管理员陈晓伟登录用户系统
陈晓伟添加了None的住宿记录
陈晓伟添加了None的住宿记录
陈晓伟添加了None的住宿记录
陈晓伟添加了None的住宿记录
陈晓伟添加了None的住宿记录
陈晓伟添加了None的住宿记录
用户Eric登录系统
用户Eric退出登录
管理员陈晓伟登录用户系统
管理员陈晓伟登录用户系统
陈晓伟了楼栋数更新了102的住宿记录
陈晓伟了楼栋数更新了102的住宿记录
陈晓伟了楼栋数更新了Eric的住宿记录
管理员陈晓伟登录用户系统
陈晓伟删除了欢的住宿记录数据
陈晓伟添加了住宿记录None
陈晓伟删除了陈晓伟的住宿记录数据
陈晓伟更新了房间203的记录
用户Eric登录系统
用户Eric登录系统
管理员陈晓伟登录用户系统
陈晓伟删除了一条权限列表信息
陈晓伟重置了密码
管理员李晓登录用户系统
管理员李晓登录用户系统
李晓重置了密码
管理员李晓登录用户系统
李晓 重置了密码
管理员李晓登录用户系统
李晓更新了人员表雨的信息
李晓退出登录
管理员李晓登录用户系统
李晓退出登录
管理员李晓登录用户系统
李晓更新了人员表琳的信息
李晓更新了人员表雨的信息
李晓更新了人员表欢的信息
李晓更新了人员表欢的信息
李晓更新了人员表易的信息
李晓更新了人员表11的信息
管理员李晓删除了2条记录
李晓添加了一条人员记录
李晓添加了一条人员记录
李晓添加了一条入住记录
李晓删除了一条住宿记录
李晓添加了一条入住记录
李晓添加了一条入住记录
李晓删除了一条住宿记录
李晓退出登录
管理员李晓登录用户系统
李晓添加了部门
李晓删除了部门数据
李晓添加了部门
管理员李晓登录用户系统
李晓添加了部门
管理员李晓登录用户系统
李晓退出登录
管理员Bob登录用户系统
Bob退出登录
管理员李晓登录用户系统
李晓退出登录
管理员Bob登录用户系统
Bob退出登录
管理员李晓登录用户系统
李晓退出登录
管理员李晓登录用户系统
李晓添加了一条人员记录
李晓删除了一条人员记录
李晓删除了一条人员记录
用户102登录系统
用户Eric登录系统
用户Eric退出登录
用户Eric登录系统
用户Eric退出登录
用户102登录系统
102 重置了密码
用户102登录系统
用户102退出登录
用户102登录系统
用户102退出登录
用户Eric登录系统
Eric 重置了密码
用户Eric登录系统
管理员李晓登录用户系统
李晓添加了一条房间记录502
李晓添加了一条房间记录503
李晓添加了一条人员记录
李晓添加了一条人员记录
管理员 李晓 删除了 3 条人员记录。
管理员 李晓 删除了 4 条人员记录。
李晓添加了一条人员记录
管理员 李晓 删除了 1 条人员记录。
李晓添加了一条人员记录
管理员 李晓 删除了 1 条人员记录。
李晓添加了一条人员记录
李晓添加了一条人员记录
管理员 李晓 删除了 1 条人员记录。
管理员 李晓 删除了 1 条人员记录。
李晓添加了一条人员记录
李晓添加了一条人员记录
管理员 李晓 删除了 2 条人员记录。
用户Eric登录系统
管理员李晓登录用户系统
用户Eric登录系统
Eric退出登录
管理员李晓登录用户系统
李晓删除了一条住宿记录
李晓退出登录
管理员李晓登录用户系统
李晓退出登录
管理员李晓登录用户系统
李晓更新了房间202的记录
管理员李晓登录用户系统
李晓删除了部门数据
李晓删除了部门数据
李晓删除了部门数据
李晓删除了部门数据
李晓删除了部门数据
李晓删除了部门数据
管理员李晓登录用户系统
李晓添加了一条入住记录
李晓删除了一条住宿记录
李晓添加了一条入住记录
用户Eric登录系统
管理员李晓登录用户系统
李晓了楼栋数更新了Eric的住宿记录
None删除了一条住宿记录
管理员李晓登录用户系统
李晓了楼栋数更新了102的住宿记录
李晓了楼栋数更新了102的住宿记录
李晓了楼栋数更新了琳的住宿记录
李晓了楼栋数更新了琳的住宿记录
李晓删除了一条住宿记录
李晓删除了一条住宿记录
李晓删除了一条住宿记录
李晓删除了一条住宿记录
李晓删除了一条住宿记录
李晓删除了一条住宿记录
李晓删除了一条住宿记录
李晓 添加了一条入住记录 (员工: 7 - Eric, 房间: 203)
李晓了楼栋数更新了Eric的住宿记录
李晓了楼栋数更新了Eric的住宿记录
李晓 添加了一条入住记录 (员工: 7 - Eric, 房间: 203)
李晓了楼栋数更新了Eric的住宿记录
李晓 添加了一条入住记录 (员工: 7 - Eric, 房间: 304)
李晓 添加了一条入住记录 (员工: 7 - Eric, 房间: 202)
管理员李晓登录用户系统
李晓更新了房间502的记录
李晓 添加了一条入住记录 (员工: 13 - 102, 房间: 502)
管理员李晓登录用户系统
管理员李晓登录用户系统
李晓添加了一条人员记录
李晓删除了一条人员记录
李晓更新了房间203的记录
